<?xml version="1.0" encoding="UTF-8"?>
<testsuite xmlns:xsi="http://www.w3.org/2001/XMLSchema-instance" xsi:noNamespaceSchemaLocation="https://maven.apache.org/surefire/maven-surefire-plugin/xsd/surefire-test-report-3.0.xsd" version="3.0" name="ui.CalculatorSeleniumUiTest" time="1.373" tests="12" errors="0" skipped="0" failures="0">
  <properties>
[...]
</properties>
  <testcase name="displayShowsOnlyOperandWhileTypingSecondOperand" classname="ui.CalculatorSeleniumUiTest" time="0.821"/>
  <testcase name="functionDivisionByZeroError" classname="ui.CalculatorSeleniumUiTest" time="0.054"/>
  <testcase name="functionSubtraction" classname="ui.CalculatorSeleniumUiTest" time="0.052"/>
  <testcase name="functionSquare" classname="ui.CalculatorSeleniumUiTest" time="0.105"/>
  <testcase name="displayOmitsOperationSymbolDuringPendingOperation" classname="ui.CalculatorSeleniumUiTest" time="0.036"/>
  <testcase name="functionMultiplication" classname="ui.CalculatorSeleniumUiTest" time="0.035"/>
  <testcase name="activeStateClearsAfterResult" classname="ui.CalculatorSeleniumUiTest" time="0.036"/>
  <testcase name="functionAddition" classname="ui.CalculatorSeleniumUiTest" time="0.036"/>
  <testcase name="activeStateSetWhenOperationPressed" classname="ui.CalculatorSeleniumUiTest" time="0.028"/>
  <testcase name="displayShowsResultOnlyAfterEquals" classname="ui.CalculatorSeleniumUiTest" time="0.03"/>
  <testcase name="activeStateClearsWhenNextOperandStarts" classname="ui.CalculatorSeleniumUiTest" time="0.029"/>
  <testcase name="functionMemoryFlow" classname="ui.CalculatorSeleniumUiTest" time="0.082"/>
</testsuite>